<?xml version="1.0" encoding="UTF-8"?>
<testsuite name="org.jf.smali.ByteLiteralTest" tests="13" skipped="0" failures="0" errors="0" timestamp="2020-09-12T12:09:24" hostname="EladX220" time="0.015">
  <properties/>
  <testcase name="SuccessHexTests" classname="org.jf.smali.ByteLiteralTest" time="0.006"/>
  <testcase name="FaileHexTest1" classname="org.jf.smali.ByteLiteralTest" time="0.002"/>
  <testcase name="FailHexTest2" classname="org.jf.smali.ByteLiteralTest" time="0.001"/>
  <testcase name="FailHexTest3" classname="org.jf.smali.ByteLiteralTest" time="0.0"/>
  <testcase name="SuccessDecTests" classname="org.jf.smali.ByteLiteralTest" time="0.0"/>
  <testcase name="FaileDecTest1" classname="org.jf.smali.ByteLiteralTest" time="0.0"/>
  <testcase name="FailDecTest2" classname="org.jf.smali.ByteLiteralTest" time="0.0"/>
  <testcase name="FailDecTest3" classname="org.jf.smali.ByteLiteralTest" time="0.0"/>
  <testcase name="FailDecTest4" classname="org.jf.smali.ByteLiteralTest" time="0.0"/>
  <testcase name="SuccessOctTests" classname="org.jf.smali.ByteLiteralTest" time="0.0"/>
  <testcase name="FaileOctTest1" classname="org.jf.smali.ByteLiteralTest" time="0.0"/>
  <testcase name="FailOctTest2" classname="org.jf.smali.ByteLiteralTest" time="0.0"/>
  <testcase name="FailOctTest3" classname="org.jf.smali.ByteLiteralTest" time="0.0"/>
  <system-out><![CDATA[]]></system-out>
  <system-err><![CDATA[]]></system-err>
</testsuite>
