<?xml version="1.0" encoding="UTF-8"?>
<testsuite name="org.jf.smali.ImplicitReferenceTest" tests="4" skipped="0" failures="0" errors="0" timestamp="2020-09-12T12:09:24" hostname="EladX220" time="1.066">
  <properties/>
  <testcase name="testImplicitMethodReference" classname="org.jf.smali.ImplicitReferenceTest" time="0.994"/>
  <testcase name="testImplicitMethodLiteral" classname="org.jf.smali.ImplicitReferenceTest" time="0.027"/>
  <testcase name="testImplicitFieldReference" classname="org.jf.smali.ImplicitReferenceTest" time="0.022"/>
  <testcase name="testImplicitFieldLiteral" classname="org.jf.smali.ImplicitReferenceTest" time="0.02"/>
  <system-out><![CDATA[]]></system-out>
  <system-err><![CDATA[]]></system-err>
</testsuite>
