<?xml version="1.0" encoding="UTF-8"?>
<testsuite name="org.jf.dexlib2.dexbacked.BaseDexReaderSleb128Test" tests="2" skipped="0" failures="0" errors="0" timestamp="2020-09-12T12:09:57" hostname="EladX220" time="0.001">
  <properties/>
  <testcase name="testSleb128" classname="org.jf.dexlib2.dexbacked.BaseDexReaderSleb128Test" time="0.0"/>
  <testcase name="testSleb128Failure" classname="org.jf.dexlib2.dexbacked.BaseDexReaderSleb128Test" time="0.001"/>
  <system-out><![CDATA[]]></system-out>
  <system-err><![CDATA[]]></system-err>
</testsuite>
