<?xml version="1.0" encoding="UTF-8"?>
<testsuite name="org.jf.dexlib2.builder.MutableMethodImplementationTest" tests="3" skipped="0" failures="0" errors="0" timestamp="2020-09-12T12:09:57" hostname="EladX220" time="0.001">
  <properties/>
  <testcase name="testTryEndAtEndOfMethod" classname="org.jf.dexlib2.builder.MutableMethodImplementationTest" time="0.0"/>
  <testcase name="testNewLabelByAddress" classname="org.jf.dexlib2.builder.MutableMethodImplementationTest" time="0.001"/>
  <testcase name="testNewLabelByIndex" classname="org.jf.dexlib2.builder.MutableMethodImplementationTest" time="0.0"/>
  <system-out><![CDATA[]]></system-out>
  <system-err><![CDATA[]]></system-err>
</testsuite>
