<?xml version="1.0" encoding="UTF-8"?>
<testsuite name="org.jf.dexlib2.writer.DexWriterTest" tests="2" skipped="0" failures="0" errors="0" timestamp="2020-09-12T12:09:58" hostname="EladX220" time="0.017">
  <properties/>
  <testcase name="testEncodedAnnotationElementOrder" classname="org.jf.dexlib2.writer.DexWriterTest" time="0.015"/>
  <testcase name="testAnnotationElementOrder" classname="org.jf.dexlib2.writer.DexWriterTest" time="0.002"/>
  <system-out><![CDATA[]]></system-out>
  <system-err><![CDATA[]]></system-err>
</testsuite>
