<?xml version="1.0" encoding="UTF-8"?>
<testsuite name="org.jf.dexlib2.analysis.CustomMethodInlineTableTest" tests="3" skipped="0" failures="0" errors="0" timestamp="2020-09-12T12:09:56" hostname="EladX220" time="0.1">
  <properties/>
  <testcase name="testCustomMethodInlineTable_Virtual" classname="org.jf.dexlib2.analysis.CustomMethodInlineTableTest" time="0.083"/>
  <testcase name="testCustomMethodInlineTable_Static" classname="org.jf.dexlib2.analysis.CustomMethodInlineTableTest" time="0.01"/>
  <testcase name="testCustomMethodInlineTable_Direct" classname="org.jf.dexlib2.analysis.CustomMethodInlineTableTest" time="0.007"/>
  <system-out><![CDATA[]]></system-out>
  <system-err><![CDATA[]]></system-err>
</testsuite>
