<?xml version="1.0" encoding="UTF-8"?>
<testsuite name="org.jf.dexlib2.builder.FixGotoTest" tests="4" skipped="0" failures="0" errors="0" timestamp="2020-09-12T12:09:57" hostname="EladX220" time="0.162">
  <properties/>
  <testcase name="testFixGotoToGoto16" classname="org.jf.dexlib2.builder.FixGotoTest" time="0.009"/>
  <testcase name="testFixGotoToGoto32" classname="org.jf.dexlib2.builder.FixGotoTest" time="0.109"/>
  <testcase name="testFixGoto16ToGoto32" classname="org.jf.dexlib2.builder.FixGotoTest" time="0.029"/>
  <testcase name="testFixGotoCascading" classname="org.jf.dexlib2.builder.FixGotoTest" time="0.014"/>
  <system-out><![CDATA[]]></system-out>
  <system-err><![CDATA[]]></system-err>
</testsuite>
