<?xml version="1.0" encoding="UTF-8"?>
<testsuite name="org.jf.dexlib2.pool.RollbackTest" tests="1" skipped="0" failures="0" errors="0" timestamp="2020-09-12T12:09:57" hostname="EladX220" time="0.074">
  <properties/>
  <testcase name="testRollback" classname="org.jf.dexlib2.pool.RollbackTest" time="0.074"/>
  <system-out><![CDATA[]]></system-out>
  <system-err><![CDATA[]]></system-err>
</testsuite>
