<?xml version="1.0" encoding="UTF-8"?>
<testsuite name="org.jf.baksmali.ManyRegistersTest" tests="1" skipped="0" failures="0" errors="0" timestamp="2020-09-12T12:09:26" hostname="EladX220" time="0.013">
  <properties/>
  <testcase name="testManyRegisters" classname="org.jf.baksmali.ManyRegistersTest" time="0.013"/>
  <system-out><![CDATA[]]></system-out>
  <system-err><![CDATA[]]></system-err>
</testsuite>
