<?xml version="1.0" encoding="UTF-8"?>
<testsuite name="org.jf.baksmali.InterfaceOrderTest" tests="1" skipped="0" failures="0" errors="0" timestamp="2020-09-12T12:09:26" hostname="EladX220" time="0.056">
  <properties/>
  <testcase name="testInterfaceOrder" classname="org.jf.baksmali.InterfaceOrderTest" time="0.056"/>
  <system-out><![CDATA[]]></system-out>
  <system-err><![CDATA[]]></system-err>
</testsuite>
