<?xml version="1.0" encoding="UTF-8"?>
<testsuite name="org.jf.baksmali.FieldGapOrderTest" tests="2" skipped="0" failures="0" errors="0" timestamp="2020-09-12T12:09:25" hostname="EladX220" time="0.029">
  <properties/>
  <testcase name="testNewOrder" classname="org.jf.baksmali.FieldGapOrderTest" time="0.015"/>
  <testcase name="testOldOrder" classname="org.jf.baksmali.FieldGapOrderTest" time="0.013"/>
  <system-out><![CDATA[]]></system-out>
  <system-err><![CDATA[]]></system-err>
</testsuite>
