<?xml version="1.0" encoding="UTF-8"?>
<testsuite name="org.jf.baksmali.LargeLocalTest" tests="3" skipped="0" failures="0" errors="0" timestamp="2020-09-12T12:09:26" hostname="EladX220" time="0.035">
  <properties/>
  <testcase name="testLargeEndLocal" classname="org.jf.baksmali.LargeLocalTest" time="0.012"/>
  <testcase name="testLargeRestartLocal" classname="org.jf.baksmali.LargeLocalTest" time="0.011"/>
  <testcase name="testLargeStartLocal" classname="org.jf.baksmali.LargeLocalTest" time="0.012"/>
  <system-out><![CDATA[]]></system-out>
  <system-err><![CDATA[]]></system-err>
</testsuite>
