<?xml version="1.0" encoding="UTF-8"?>
<testsuite name="org.jf.baksmali.MultiSwitchTest" tests="1" skipped="0" failures="0" errors="0" timestamp="2020-09-12T12:09:26" hostname="EladX220" time="0.061">
  <properties/>
  <testcase name="testMultiSwitch" classname="org.jf.baksmali.MultiSwitchTest" time="0.061"/>
  <system-out><![CDATA[]]></system-out>
  <system-err><![CDATA[]]></system-err>
</testsuite>
