<?xml version="1.0" encoding="UTF-8"?>
<testsuite name="org.jf.util.NumberUtilsTest" tests="2" skipped="0" failures="0" errors="0" timestamp="2020-09-12T12:08:51" hostname="EladX220" time="0.009">
  <properties/>
  <testcase name="isLikelyFloatTest" classname="org.jf.util.NumberUtilsTest" time="0.005"/>
  <testcase name="isLikelyDoubleTest" classname="org.jf.util.NumberUtilsTest" time="0.002"/>
  <system-out><![CDATA[]]></system-out>
  <system-err><![CDATA[]]></system-err>
</testsuite>
