<?xml version="1.0" encoding="UTF-8"?>
<testsuite name="org.jf.util.PathUtilTest" tests="19" skipped="0" failures="0" errors="0" timestamp="2020-09-12T12:08:51" hostname="EladX220" time="0.014">
  <properties/>
  <testcase name="pathUtilTest1" classname="org.jf.util.PathUtilTest" time="0.003"/>
  <testcase name="pathUtilTest2" classname="org.jf.util.PathUtilTest" time="0.0"/>
  <testcase name="pathUtilTest3" classname="org.jf.util.PathUtilTest" time="0.001"/>
  <testcase name="pathUtilTest4" classname="org.jf.util.PathUtilTest" time="0.0"/>
  <testcase name="pathUtilTest5" classname="org.jf.util.PathUtilTest" time="0.0"/>
  <testcase name="pathUtilTest6" classname="org.jf.util.PathUtilTest" time="0.001"/>
  <testcase name="pathUtilTest7" classname="org.jf.util.PathUtilTest" time="0.0"/>
  <testcase name="pathUtilTest8" classname="org.jf.util.PathUtilTest" time="0.0"/>
  <testcase name="pathUtilTest9" classname="org.jf.util.PathUtilTest" time="0.0"/>
  <testcase name="pathUtilTest10" classname="org.jf.util.PathUtilTest" time="0.0"/>
  <testcase name="pathUtilTest11" classname="org.jf.util.PathUtilTest" time="0.001"/>
  <testcase name="pathUtilTest12" classname="org.jf.util.PathUtilTest" time="0.002"/>
  <testcase name="pathUtilTest13" classname="org.jf.util.PathUtilTest" time="0.0"/>
  <testcase name="pathUtilTest14" classname="org.jf.util.PathUtilTest" time="0.001"/>
  <testcase name="pathUtilTest15" classname="org.jf.util.PathUtilTest" time="0.0"/>
  <testcase name="pathUtilTest16" classname="org.jf.util.PathUtilTest" time="0.002"/>
  <testcase name="pathUtilTest17" classname="org.jf.util.PathUtilTest" time="0.0"/>
  <testcase name="pathUtilTest18" classname="org.jf.util.PathUtilTest" time="0.0"/>
  <testcase name="pathUtilTest19" classname="org.jf.util.PathUtilTest" time="0.001"/>
  <system-out><![CDATA[]]></system-out>
  <system-err><![CDATA[]]></system-err>
</testsuite>
