<?xml version="1.0" encoding="UTF-8"?>
<testsuite name="org.jf.util.StringWrapperTest" tests="2" skipped="0" failures="0" errors="0" timestamp="2020-09-12T12:08:51" hostname="EladX220" time="0.034">
  <properties/>
  <testcase name="testWrapStringByWords" classname="org.jf.util.StringWrapperTest" time="0.033"/>
  <testcase name="testWrapString" classname="org.jf.util.StringWrapperTest" time="0.001"/>
  <system-out><![CDATA[]]></system-out>
  <system-err><![CDATA[]]></system-err>
</testsuite>
