<?xml version="1.0" encoding="UTF-8"?>
<testsuite name="org.jf.util.TextUtilsTest" tests="2" skipped="0" failures="0" errors="0" timestamp="2020-09-12T12:08:51" hostname="EladX220" time="0.007">
  <properties/>
  <testcase name="testStripComments" classname="org.jf.util.TextUtilsTest" time="0.002"/>
  <testcase name="testNormalizeWhitespace" classname="org.jf.util.TextUtilsTest" time="0.003"/>
  <system-out><![CDATA[]]></system-out>
  <system-err><![CDATA[]]></system-err>
</testsuite>
