<?xml version="1.0" encoding="UTF-8"?>
<testsuite name="org.jf.util.LinearSearchTest" tests="1" skipped="0" failures="0" errors="0" timestamp="2020-09-12T12:08:51" hostname="EladX220" time="0.042">
  <properties/>
  <testcase name="testLinearSearch" classname="org.jf.util.LinearSearchTest" time="0.042"/>
  <system-out><![CDATA[]]></system-out>
  <system-err><![CDATA[]]></system-err>
</testsuite>
